<?xml version="1.0" encoding="UTF-8"?>
<testsuite xmlns:xsi="http://www.w3.org/2001/XMLSchema-instance" xsi:noNamespaceSchemaLocation="https://maven.apache.org/surefire/maven-surefire-plugin/xsd/surefire-test-report-3.0.xsd" version="3.0" name="runners.TestRunner" time="7.864" tests="1" errors="0" skipped="0" failures="0">
  <properties>
[...]
</properties>
  <testcase name="runScenario[&quot;Login into facebook&quot;, &quot;Facebook feature&quot;](1)" classname="runners.TestRunner" time="6.929">
    <system-out><![CDATA[
@facebook
Scenario: Login into facebook                                   # src/test/resources/Login.feature:5
  Given User is hits the facebook url                           # steps.MyStepdefs.userIsHitsTheFacebookUrl()
  When user is on facebook login page                           # steps.MyStepdefs.userIsOnFacebookLoginPage()
  Then user is displayed with "UserName" and "Password" textbox # steps.MyStepdefs.userIsDisplayedWithAndTextbox(java.lang.String,java.lang.String)
]]></system-out>
    <system-err><![CDATA[[main] INFO io.github.bonigarcia.wdm.WebDriverManager - Using chromedriver 146.0.7680.165 (resolved driver for Chrome 146)
[main] INFO io.github.bonigarcia.wdm.WebDriverManager - Exporting webdriver.chrome.driver as C:\Users\nikhi\.cache\selenium\chromedriver\win64\146.0.7680.165\chromedriver.exe
Mar 25, 2026 6:51:27 PM org.openqa.selenium.devtools.CdpVersionFinder findNearestMatch
WARNING: Unable to find an exact match for CDP version 146, returning the closest version; found: 145; Please update to a Selenium version that supports CDP version 146
]]></system-err>
  </testcase>
</testsuite>